<?xml version="1.0" encoding="UTF-8"?>
<!-- Generated by org.testng.reporters.JUnitReportReporter -->
<testsuite hostname="DESKTOP-UO6ORVT" failures="0" tests="2" name="tests.LoginTest" time="18.517" errors="0" timestamp="2025-08-12T06:23:58 IST" skipped="0">
  <testcase classname="tests.LoginTest" name="testValidLogin" time="6.021"/>
  <testcase classname="tests.LoginTest" name="testValidLogin" time="12.496"/>
</testsuite> <!-- tests.LoginTest -->
