<?xml version="1.0" encoding="UTF-8"?>
<!-- Generated by org.testng.reporters.JUnitReportReporter -->
<testsuite hostname="DESKTOP-UO6ORVT" failures="0" tests="2" name="tests.LoginTest" time="24.908" errors="0" timestamp="2025-08-12T15:19:22 IST" skipped="0">
  <testcase classname="tests.LoginTest" name="testValidLogin" time="14.228"/>
  <testcase classname="tests.LoginTest" name="testValidLogin" time="10.680"/>
</testsuite> <!-- tests.LoginTest -->
